\BOOKMARK [0][-]{section*.3}{List\040of\040Figures}{}% 1
\BOOKMARK [0][-]{section*.5}{List\040of\040Tables}{}% 2
\BOOKMARK [0][-]{section*.7}{List\040of\040Algorithms}{}% 3
\BOOKMARK [0][-]{section*.9}{List\040of\040Code\040Snippets}{}% 4
\BOOKMARK [0][-]{section*.11}{List\040of\040Acronyms}{}% 5
\BOOKMARK [0][-]{chapter.1}{Introduction}{}% 6
\BOOKMARK [0][-]{chapter.2}{Background}{}% 7
\BOOKMARK [1][-]{section.2.1}{Methodological\040Background}{chapter.2}% 8
\BOOKMARK [2][-]{subsection.2.1.1}{Resource\040Description\040Framework}{section.2.1}% 9
\BOOKMARK [2][-]{subsection.2.1.2}{Knowledge\040Graphs}{section.2.1}% 10
\BOOKMARK [2][-]{subsection.2.1.3}{Ontologies}{section.2.1}% 11
\BOOKMARK [2][-]{subsection.2.1.4}{Data\040Federation}{section.2.1}% 12
\BOOKMARK [2][-]{subsection.2.1.5}{Semantic\040Data\040Integration}{section.2.1}% 13
\BOOKMARK [1][-]{section.2.2}{Technical\040Background}{chapter.2}% 14
\BOOKMARK [2][-]{subsection.2.2.1}{SPARQL\040Query\040Language}{section.2.2}% 15
\BOOKMARK [2][-]{subsection.2.2.2}{Data\040Federation\040Systems}{section.2.2}% 16
\BOOKMARK [2][-]{subsection.2.2.3}{OBDA\040Systems}{section.2.2}% 17
\BOOKMARK [2][-]{subsection.2.2.4}{Triple\040Stores}{section.2.2}% 18
\BOOKMARK [0][-]{chapter.3}{Related\040Works}{}% 19
\BOOKMARK [0][-]{chapter.4}{Analysis}{}% 20
\BOOKMARK [0][-]{chapter.5}{Conclusions\040and\040Future\040Works}{}% 21
\BOOKMARK [0][-]{section*.34}{References}{}% 22
\BOOKMARK [0][-]{section*.36}{Acknowledgments}{}% 23
